mode: set
myapp/cmd/web/main.go:14.13,16.16 2 0
myapp/cmd/web/main.go:19.2,24.45 3 0
myapp/cmd/web/main.go:16.16,18.3 1 0
myapp/cmd/web/main.go:24.45,26.3 1 0
myapp/cmd/web/main.go:29.43,31.2 1 1
myapp/pkg/render/render.go:11.127,13.16 2 1
myapp/pkg/render/render.go:17.2,22.16 4 1
myapp/pkg/render/render.go:26.2,27.12 2 1
myapp/pkg/render/render.go:13.16,15.3 1 1
myapp/pkg/render/render.go:22.16,24.3 1 0
myapp/pkg/render/render.go:30.99,36.2 5 1
myapp/pkg/api/handlers.go:13.129,14.73 1 1
myapp/pkg/api/handlers.go:14.73,16.3 1 0
myapp/pkg/api/handlers.go:19.81,20.54 1 1
myapp/pkg/api/handlers.go:20.54,24.3 3 1
myapp/pkg/api/handlers.go:27.82,28.54 1 1
myapp/pkg/api/handlers.go:28.54,36.3 5 1
myapp/pkg/api/handlers.go:39.84,40.54 1 1
myapp/pkg/api/handlers.go:40.54,42.3 1 1
myapp/pkg/api/handlers.go:45.82,46.54 1 1
myapp/pkg/api/handlers.go:46.54,48.3 1 1
myapp/pkg/api/handlers.go:51.82,52.54 1 1
myapp/pkg/api/handlers.go:52.54,54.3 1 1
myapp/pkg/api/handlers.go:57.88,58.54 1 1
myapp/pkg/api/handlers.go:58.54,66.3 4 1
myapp/pkg/api/handlers.go:69.92,70.54 1 1
myapp/pkg/api/handlers.go:70.54,72.17 2 1
myapp/pkg/api/handlers.go:76.3,89.20 7 1
myapp/pkg/api/handlers.go:101.3,102.67 2 1
myapp/pkg/api/handlers.go:72.17,75.4 2 0
myapp/pkg/api/handlers.go:89.20,99.4 4 0
myapp/pkg/api/handlers.go:106.89,107.54 1 1
myapp/pkg/api/handlers.go:107.54,109.3 1 1
myapp/pkg/api/handlers.go:112.93,113.54 1 1
myapp/pkg/api/handlers.go:113.54,118.3 4 1
myapp/pkg/api/handlers.go:126.93,127.54 1 1
myapp/pkg/api/handlers.go:127.54,133.17 3 1
myapp/pkg/api/handlers.go:136.3,137.43 2 1
myapp/pkg/api/handlers.go:133.17,135.4 1 0
myapp/pkg/api/handlers.go:137.43,139.4 1 0
myapp/pkg/api/handlers.go:143.95,144.54 1 1
myapp/pkg/api/handlers.go:144.54,146.10 2 1
myapp/pkg/api/handlers.go:152.3,157.5 4 0
myapp/pkg/api/handlers.go:146.10,151.4 4 1
myapp/pkg/api/middlewares.go:10.81,11.46 1 1
myapp/pkg/api/middlewares.go:11.46,20.3 3 1
myapp/pkg/api/middlewares.go:23.84,24.46 1 1
myapp/pkg/api/middlewares.go:24.46,26.3 1 1
myapp/pkg/api/routes.go:11.55,16.28 4 1
myapp/pkg/api/routes.go:19.2,36.12 15 1
myapp/pkg/api/routes.go:16.28,18.3 1 0
